1 7:35:41 29 8
2 7:42:21 48 7
3 7:53:43 71 9
4 7:56:12 45 6
5 7:59:23 45 6
6 8:03:12 56 8
7 8:31:21 34 7
8 9:22:17 82 9
9 9:33:22 36 5
10 9:53:12 44 6
11 10:11:34 23 7
12 10:20:32 45 9
13 10:40:23 26 7
14 10:56:56 55 8
15 11:03:28 55 8
16 11:10:45 57 8
17 11:22:55 43 4
18 11:28:29 44 5
19 11:31:01 78 9
20 11:35:26 65 8
21 11:38:34 60 7
22 11:44:44 23 6
23 11:56:12 32 7
24 12:10:23 32 4
25 12:32:43 54 7
26 12:34:31 64 10
27 12:44:54 61 6
28 12:51:34 44 7
29 12:59:59 21 6
30 13:09:55 21 6
31 13:13:23 44 7
32 13:49:49 33 3
33 13:59:21 77 6
34 14:12:43 41 10
35 14:29:55 76 8
36 14:44:36 51 7
37 14:51:32 51 7
38 15:12:12 40 8
39 15:23:54 30 6
40 15:29:31 56 8
41 15:40:43 40 6
42 15:54:37 80 7
43 16:03:02 38 4
44 16:07:33 23 10
45 16:18:50 18 3
46 16:31:21 48 7
47 16:38:43 73 8
48 16:44:11 47 7
49 16:45:11 47 7
50 16:56:43 62 6
